Arguments: 
  C:\Program Files\nodejs\node.exe D:\Yarn\bin\yarn.js

PATH: 
  C:\Program Files\ConEmu\ConEmu\Scripts;C:\Program Files\ConEmu;C:\Program Files\ConEmu\ConEmu;C:\WINDOWS\system32;C:\WINDOWS;C:\WINDOWS\System32\Wbem;C:\WINDOWS\System32\WindowsPowerShell\v1.0\;C:\Program Files\nodejs\;C:\Program Files\Git\cmd;C:\Windows\Microsoft.NET\Framework64\v4.0.30319;C:\Program Files\dotnet\;C:\Program Files\Microsoft SQL Server\130\Tools\Binn\;D:\Yarn\bin;D:\Ruby25-x64\bin;C:\Users\pc5\AppData\Local\Programs\Python\Python36\Scripts\;C:\Users\pc5\AppData\Local\Programs\Python\Python36\;C:\Users\pc5\AppData\Local\Microsoft\WindowsApps;C:\Users\pc5\AppData\Roaming\npm;D:\Microsoft VS Code\bin;C:\Users\pc5\AppData\Local\Yarn\bin

Yarn version: 
  1.3.2

Node version: 
  8.9.3

Platform: 
  win32 x64

npm manifest: 
  {
    "name": "JGBVue",
    "version": "1.0.0",
    "description": "",
    "main": "app.js",
    "scripts": {
      "test": "echo \"Error: no test specified\" && exit 1",
      "start": "node app.js",
      "dev": "gulp",
      "build": "gulp build",
      "postcss": "postcss --config postcss.json"
    },
    "keywords": [],
    "author": "",
    "license": "ISC",
    "dependencies": {
      "body-parser": "^1.18.2",
      "consolidate": "^0.15.0",
      "cookie-parser": "^1.4.3",
      "cookie-session": "^2.0.0-beta.3",
      "debug": "^3.1.0",
      "element-ui": "^2.0.11",
      "express": "^4.16.2",
      "express-static": "^1.2.5",
      "multer": "^1.3.0",
      "opn": "^5.1.0"
    },
    "devDependencies": {
      "babel-core": "^6.26.0",
      "babel-preset-env": "^1.6.1",
      "browser-sync": "^2.23.5",
      "del": "^3.0.0",
      "gulp": "^3.9.1",
      "gulp-autoprefixer": "^4.1.0",
      "gulp-babel": "^7.0.0",
      "gulp-clean": "^0.4.0",
      "gulp-clean-css": "^3.9.2",
      "gulp-express": "^0.3.5",
      "gulp-file-include": "^2.0.1",
      "gulp-imagemin": "^4.1.0",
      "gulp-live-server": "^0.0.31",
      "gulp-livereload": "^3.8.1",
      "gulp-nodemon": "^2.2.1",
      "gulp-plumber": "^1.2.0",
      "gulp-postcss": "^7.0.1",
      "gulp-rename": "^1.2.2",
      "gulp-sass": "^3.1.0",
      "gulp-sourcemaps": "^2.6.3",
      "gulp-uglify": "^3.0.0",
      "nodemon": "^1.14.11",
      "postcss-cli": "^4.1.1",
      "postcss-extend": "^1.0.5",
      "postcss-import": "^11.0.0",
      "postcss-mixins": "^6.2.0",
      "postcss-nested": "^3.0.0",
      "postcss-simple-vars": "^4.1.0"
    }
  }

yarn manifest: 
  No manifest

Lockfile: 
  No lockfile

Trace: 
  Error: ENOENT: no such file or directory, copyfile 'C:\Users\pc5\AppData\Local\Yarn\cache\v1\npm-ansi-regex-3.0.0-ed0317c322064f79466c02966bddb605ab37d998\license' -> 'E:\project\JGBVue\node_modules\ansi-align\node_modules\ansi-regex\license'
